<?xml version="1.0" encoding="UTF-8"?>
<testng-results skipped="0" failed="0" ignored="1" total="1" passed="0">
  <reporter-output>
  </reporter-output>
  <suite name="com.kit.core.tests.GmailTest" duration-ms="13" started-at="2018-10-15T11:27:12Z" finished-at="2018-10-15T11:27:12Z">
    <groups>
    </groups>
    <test name="Command line test" duration-ms="13" started-at="2018-10-15T11:27:12Z" finished-at="2018-10-15T11:27:12Z">
    </test> <!-- Command line test -->
  </suite> <!-- com.kit.core.tests.GmailTest -->
</testng-results>
